   _______  _______ _________ _        _______ 
  (  ____ \(       )\__   __/( (    /|(  ___  )
  | (    \/| () () |   ) (   |  \  ( || (   ) |
  | (_____ | || || |   | |   |   \ | || (___) |
  (_____  )| |(_)| |   | |   | (\ \) ||  ___  |
        ) || |   | |   | |   | | \   || (   ) |
  /\____) || )   ( |___) (___| )  \  || )   ( |
  \_______)|/     \|\_______/|/    )_)|/     \|


smina is based off AutoDock Vina. Please cite appropriately.

Weights      Terms
-0.035579    gauss(o=0,_w=0.5,_c=8)
-0.005156    gauss(o=3,_w=2,_c=8)
0.840245     repulsion(o=0,_c=8)
-0.035069    hydrophobic(g=0.5,_b=1.5,_c=8)
-0.587439    non_dir_h_bond(g=-0.7,_b=0,_c=8)
1.923        num_tors_div

Using random seed: 42

mode |   affinity | dist from best mode
     | (kcal/mol) | rmsd l.b.| rmsd u.b.
-----+------------+----------+----------
1       -5.6       0.000      0.000    
2       -5.6       3.979      5.749    
3       -5.2       1.372      1.882    
4       -5.1       3.142      4.813    
5       -4.8       3.956      5.746    
6       -4.8       13.691     14.780   
7       -4.7       11.570     13.004   
8       -4.6       2.686      5.245    
9       -4.6       13.833     15.134   
